<?xml version="1.0" encoding="UTF-8"?>
<testsuite xmlns:xsi="http://www.w3.org/2001/XMLSchema-instance" xsi:noNamespaceSchemaLocation="https://maven.apache.org/surefire/maven-surefire-plugin/xsd/surefire-test-report-3.0.xsd" version="3.0" name="com.learn.user.service.UserServiceApplicationTests" time="7.504" tests="1" errors="0" skipped="0" failures="0">
  <properties>
[...]
</properties>
  <testcase name="contextLoads" classname="com.learn.user.service.UserServiceApplicationTests" time="0.85">
    <system-out><![CDATA[15:34:09.561 [main] INFO org.springframework.test.context.support.AnnotationConfigContextLoaderUtils -- Could not detect default configuration classes for test class [com.learn.user.service.UserServiceApplicationTests]: UserServiceApplicationTests does not declare any static, non-private, non-final, nested classes annotated with @Configuration.
15:34:09.701 [main] INFO org.springframework.boot.test.context.SpringBootTestContextBootstrapper -- Found @SpringBootConfiguration com.learn.user.service.UserServiceApplication for test class com.learn.user.service.UserServiceApplicationTests

  .   ____          _            __ _ _
 /\\ / ___'_ __ _ _(_)_ __  __ _ \ \ \ \
( ( )\___ | '_ | '_| | '_ \/ _` | \ \ \ \
 \\/  ___)| |_)| | | | | || (_| |  ) ) ) )
  '  |____| .__|_| |_|_| |_\__, | / / / /
 =========|_|==============|___/=/_/_/_/

 :: Spring Boot ::                (v3.3.4)

2024-10-08T15:34:10.217+05:30  INFO 20888 --- [UserService] [           main] c.l.u.s.UserServiceApplicationTests      : Starting UserServiceApplicationTests using Java 17.0.10 with PID 20888 (started by Acer in D:\Tutorials\Microservices\UserService\UserService)
2024-10-08T15:34:10.219+05:30  INFO 20888 --- [UserService] [           main] c.l.u.s.UserServiceApplicationTests      : No active profile set, falling back to 1 default profile: "default"
2024-10-08T15:34:11.227+05:30  INFO 20888 --- [UserService] [           main] .s.d.r.c.RepositoryConfigurationDelegate : Bootstrapping Spring Data JPA repositories in DEFAULT mode.
2024-10-08T15:34:11.302+05:30  INFO 20888 --- [UserService] [           main] .s.d.r.c.RepositoryConfigurationDelegate : Finished Spring Data repository scanning in 66 ms. Found 1 JPA repository interface.
2024-10-08T15:34:11.980+05:30  INFO 20888 --- [UserService] [           main] o.hibernate.jpa.internal.util.LogHelper  : HHH000204: Processing PersistenceUnitInfo [name: default]
2024-10-08T15:34:12.098+05:30  INFO 20888 --- [UserService] [           main] org.hibernate.Version                    : HHH000412: Hibernate ORM core version 6.5.3.Final
2024-10-08T15:34:12.162+05:30  INFO 20888 --- [UserService] [           main] o.h.c.internal.RegionFactoryInitiator    : HHH000026: Second-level cache disabled
2024-10-08T15:34:12.635+05:30  INFO 20888 --- [UserService] [           main] o.s.o.j.p.SpringPersistenceUnitInfo      : No LoadTimeWeaver setup: ignoring JPA class transformer
2024-10-08T15:34:12.685+05:30  INFO 20888 --- [UserService] [           main] com.zaxxer.hikari.HikariDataSource       : HikariPool-1 - Starting...
2024-10-08T15:34:13.164+05:30  INFO 20888 --- [UserService] [           main] com.zaxxer.hikari.pool.HikariPool        : HikariPool-1 - Added connection com.mysql.cj.jdbc.ConnectionImpl@1bdafb01
2024-10-08T15:34:13.168+05:30  INFO 20888 --- [UserService] [           main] com.zaxxer.hikari.HikariDataSource       : HikariPool-1 - Start completed.
2024-10-08T15:34:13.246+05:30  WARN 20888 --- [UserService] [           main] org.hibernate.orm.deprecation            : HHH90000025: MySQL8Dialect does not need to be specified explicitly using 'hibernate.dialect' (remove the property setting and it will be selected by default)
2024-10-08T15:34:13.247+05:30  WARN 20888 --- [UserService] [           main] org.hibernate.orm.deprecation            : HHH90000026: MySQL8Dialect has been deprecated; use org.hibernate.dialect.MySQLDialect instead
2024-10-08T15:34:14.364+05:30  INFO 20888 --- [UserService] [           main] o.h.e.t.j.p.i.JtaPlatformInitiator       : HHH000489: No JTA platform available (set 'hibernate.transaction.jta.platform' to enable JTA platform integration)
Hibernate: create table users (id varchar(255) not null, designation varchar(20), date_of_birth datetime(6), email varchar(20), mobile varchar(12), name varchar(20), primary key (id)) engine=InnoDB
2024-10-08T15:34:14.850+05:30  INFO 20888 --- [UserService] [           main] j.LocalContainerEntityManagerFactoryBean : Initialized JPA EntityManagerFactory for persistence unit 'default'
2024-10-08T15:34:15.418+05:30  WARN 20888 --- [UserService] [           main] JpaBaseConfiguration$JpaWebConfiguration : spring.jpa.open-in-view is enabled by default. Therefore, database queries may be performed during view rendering. Explicitly configure spring.jpa.open-in-view to disable this warning
2024-10-08T15:34:15.967+05:30  INFO 20888 --- [UserService] [           main] c.l.u.s.UserServiceApplicationTests      : Started UserServiceApplicationTests in 6.061 seconds (process running for 7.653)
]]></system-out>
  </testcase>
</testsuite>